0 info it worked if it ends with ok
1 verbose cli [ '/usr/bin/node', '/usr/bin/npm', 'run', 'test:unit' ]
2 info using npm@3.5.2
3 info using node@v8.10.0
4 verbose run-script [ 'pretest:unit', 'test:unit', 'posttest:unit' ]
5 info lifecycle testme@0.1.0~pretest:unit: testme@0.1.0
6 silly lifecycle testme@0.1.0~pretest:unit: no script for pretest:unit, continuing
7 info lifecycle testme@0.1.0~test:unit: testme@0.1.0
8 verbose lifecycle testme@0.1.0~test:unit: unsafe-perm in lifecycle true
9 verbose lifecycle testme@0.1.0~test:unit: PATH: /usr/share/npm/bin/node-gyp-bin:/home/riot/Desktop/DAndF/Systems-Development-and-Frameworks/4/node_modules/.bin:/usr/local/sbin:/usr/local/bin:/usr/sbin:/usr/bin:/sbin:/bin:/usr/games:/usr/local/games:/snap/bin
10 verbose lifecycle testme@0.1.0~test:unit: CWD: /home/riot/Desktop/DAndF/Systems-Development-and-Frameworks/4
11 silly lifecycle testme@0.1.0~test:unit: Args: [ '-c', 'vue-cli-service test:unit' ]
12 silly lifecycle testme@0.1.0~test:unit: Returned: code: 1  signal: null
13 info lifecycle testme@0.1.0~test:unit: Failed to exec test:unit script
14 verbose stack Error: testme@0.1.0 test:unit: `vue-cli-service test:unit`
14 verbose stack Exit status 1
14 verbose stack     at EventEmitter.<anonymous> (/usr/share/npm/lib/utils/lifecycle.js:232:16)
14 verbose stack     at emitTwo (events.js:126:13)
14 verbose stack     at EventEmitter.emit (events.js:214:7)
14 verbose stack     at ChildProcess.<anonymous> (/usr/share/npm/lib/utils/spawn.js:24:14)
14 verbose stack     at emitTwo (events.js:126:13)
14 verbose stack     at ChildProcess.emit (events.js:214:7)
14 verbose stack     at maybeClose (internal/child_process.js:925:16)
14 verbose stack     at Process.ChildProcess._handle.onexit (internal/child_process.js:209:5)
15 verbose pkgid testme@0.1.0
16 verbose cwd /home/riot/Desktop/DAndF/Systems-Development-and-Frameworks/4
17 error Linux 5.0.0-37-generic
18 error argv "/usr/bin/node" "/usr/bin/npm" "run" "test:unit"
19 error node v8.10.0
20 error npm  v3.5.2
21 error code ELIFECYCLE
22 error testme@0.1.0 test:unit: `vue-cli-service test:unit`
22 error Exit status 1
23 error Failed at the testme@0.1.0 test:unit script 'vue-cli-service test:unit'.
23 error Make sure you have the latest version of node.js and npm installed.
23 error If you do, this is most likely a problem with the testme package,
23 error not with npm itself.
23 error Tell the author that this fails on your system:
23 error     vue-cli-service test:unit
23 error You can get information on how to open an issue for this project with:
23 error     npm bugs testme
23 error Or if that isn't available, you can get their info via:
23 error     npm owner ls testme
23 error There is likely additional logging output above.
24 verbose exit [ 1, true ]
